Arguments: 
  C:\Program Files\nodejs\node.exe C:\Users\davig\AppData\Roaming\npm\node_modules\yarn\bin\yarn.js

PATH: 
  C:\Python38\Scripts\;C:\Python38\;C:\Program Files (x86)\Falcon\MinGW\bin;C:\Program Files (x86)\Common Files\Oracle\Java\javapath;C:\windows\system32;C:\windows;C:\windows\System32\Wbem;C:\windows\System32\WindowsPowerShell\v1.0\;C:\windows\System32\OpenSSH\;C:\Program Files (x86)\NVIDIA Corporation\PhysX\Common;C:\Program Files\NVIDIA Corporation\NVIDIA NvDLISR;C:\Program Files (x86)\GtkSharp\2.12\bin;C:\Program Files\PuTTY\;C:\ProgramData\chocolatey\bin;C:\Program Files\Git\cmd;C:\WINDOWS\system32;C:\WINDOWS;C:\WINDOWS\System32\Wbem;C:\WINDOWS\System32\WindowsPowerShell\v1.0\;C:\WINDOWS\System32\OpenSSH\;C:\Program Files\nodejs\;C:\Program Files\CMake\bin;C:\Users\davig\Documents\cocos2d-x-4\templates;C:\Users\davig\Documents\cocos2d-x-4\tools\cocos2d-console\bin;C:\Users\davig\.windows-build-tools\python27\;C:\Users\davig\.windows-build-tools\python27\;C:\Users\davig\.windows-build-tools\python27\;C:\Users\davig\.windows-build-tools\python27\;C:\Users\davig\scoop\shims;C:\Users\davig\AppData\Local\Programs\Python\Python38-32\Scripts\;C:\Users\davig\AppData\Local\Programs\Python\Python38-32\;C:\Users\davig\AppData\Local\Microsoft\WindowsApps;C:\Users\davig\AppData\Local\Programs\Microsoft VS Code\bin;C:\Program Files\Java\jdk1.8.0_241\bin;C:\Program Files\JetBrains\IntelliJ IDEA Community Edition 2019.3.4\bin;C:\Program Files\heroku\bin;C:\Users\davig\AppData\Local\hyper\app-3.0.2\resources\bin;C:\Program Files\mingw-w64\x86_64-8.1.0-win32-seh-rt_v6-rev0\mingw64\bin;C:\Program Files\gedit\bin;C:\Users\davig\AppData\Roaming\npm

Yarn version: 
  1.22.10

Node version: 
  15.3.0

Platform: 
  win32 x64

Trace: 
  SyntaxError: C:\Users\davig\Documents\Programming\bot-adalto\package.json: Unexpected token } in JSON at position 334
      at JSON.parse (<anonymous>)
      at C:\Users\davig\AppData\Roaming\npm\node_modules\yarn\lib\cli.js:1625:59
      at Generator.next (<anonymous>)
      at step (C:\Users\davig\AppData\Roaming\npm\node_modules\yarn\lib\cli.js:310:30)
      at C:\Users\davig\AppData\Roaming\npm\node_modules\yarn\lib\cli.js:321:13

npm manifest: 
  {
    "name": "botdiscord",
    "version": "1.0.0",
    "description": "",
    "main": "index.js",
    "scripts": {
      "start": "node index.js",
      "test": "echo \"Error: no test specified\" && exit 1"
    },
    "author": "",
    "license": "ISC",
    "dependencies": {
      "axios": "^0.19.2",
      "discord.js": "^12.2.0",
      "dotenv": "^8.2.0",
    }
  }

yarn manifest: 
  No manifest

Lockfile: 
  No lockfile
